<?xml version="1.0" encoding="UTF-8"?>
<testsuite name="yourlogo" tests="1" skipped="0" failures="0" errors="0" timestamp="2022-04-13T21:08:54" hostname="CHMEPPF1WYQYP" time="17.588">
  <properties/>
  <testcase name="Create new list" classname="yourlogo" time="17.588"/>
  <system-out><![CDATA[Se creo nueva lista llamada: Nuevalista
]]></system-out>
  <system-err><![CDATA[abr 13, 2022 4:08:54 PM org.openqa.selenium.remote.DesiredCapabilities chrome
INFORMACIÓN: Using `new ChromeOptions()` is preferred to `DesiredCapabilities.chrome()`
Starting ChromeDriver 100.0.4896.60 (6a5d10861ce8de5fce22564658033b43cb7de047-refs/branch-heads/4896@{#875}) on port 1926
Only local connections are allowed.
Please see https://chromedriver.chromium.org/security-considerations for suggestions on keeping ChromeDriver safe.
ChromeDriver was started successfully.
abr 13, 2022 4:08:56 PM org.openqa.selenium.remote.ProtocolHandshake createSession
INFORMACIÓN: Detected dialect: W3C
[Test worker] INFO net.serenitybdd.core.Serenity - 
        __    _____ _____ ____ _____   ____   _    ____  ____  _____ ____  
  _     \ \  |_   _| ____/ ___|_   _| |  _ \ / \  / ___|/ ___|| ____|  _ \ 
 (_)_____| |   | | |  _| \___ \ | |   | |_) / _ \ \___ \\___ \|  _| | | | |
  _|_____| |   | | | |___ ___) || |   |  __/ ___ \ ___) |___) | |___| |_| |
 (_)     | |   |_| |_____|____/ |_|   |_| /_/   \_\____/|____/|_____|____/ 
        /_/                                                                

TEST PASSED: Create new list
----------------------------------------------------------------------------
]]></system-err>
</testsuite>
